2025-07-26 04:23:01.778 [main] INFO  com.lore.master.webadmin.WebAdminApplication - Starting WebAdminApplication using Java 17.0.9 with PID 13592 (D:\Workspace\code\lore-master\lore-master-server\lore-master-web-admin\target\classes started by admin in D:\Workspace\code\lore-master\lore-master-server\lore-master-web-admin)
2025-07-26 04:23:01.780 [main] DEBUG com.lore.master.webadmin.WebAdminApplication - Running with Spring Boot v3.2.6, Spring v6.1.8
2025-07-26 04:23:01.780 [main] INFO  com.lore.master.webadmin.WebAdminApplication - No active profile set, falling back to 1 default profile: "default"
2025-07-26 04:23:02.210 [main] INFO  o.s.d.r.config.RepositoryConfigurationDelegate - Bootstrapping Spring Data JPA repositories in DEFAULT mode.
2025-07-26 04:23:02.230 [main] INFO  o.s.d.r.config.RepositoryConfigurationDelegate - Finished Spring Data repository scanning in 7 ms. Found 0 JPA repository interfaces.
2025-07-26 04:23:02.284 [main] WARN  org.mybatis.spring.mapper.ClassPathMapperScanner - No MyBatis mapper was found in '[com.lore.master.data.mapper]' package. Please check your configuration.
2025-07-26 04:23:02.631 [main] INFO  o.s.boot.web.embedded.tomcat.TomcatWebServer - Tomcat initialized with port 8080 (http)
2025-07-26 04:23:02.642 [main] INFO  org.apache.catalina.core.StandardService - Starting service [Tomcat]
2025-07-26 04:23:02.643 [main] INFO  org.apache.catalina.core.StandardEngine - Starting Servlet engine: [Apache Tomcat/10.1.24]
2025-07-26 04:23:02.693 [main] INFO  o.a.c.core.ContainerBase.[Tomcat].[localhost].[/] - Initializing Spring embedded WebApplicationContext
2025-07-26 04:23:02.693 [main] INFO  o.s.b.w.s.c.ServletWebServerApplicationContext - Root WebApplicationContext: initialization completed in 878 ms
2025-07-26 04:23:02.783 [main] INFO  com.zaxxer.hikari.HikariDataSource - LoreMasterAdminHikariCP - Starting...
2025-07-26 04:23:02.899 [main] INFO  com.zaxxer.hikari.pool.HikariPool - LoreMasterAdminHikariCP - Added connection com.mysql.cj.jdbc.ConnectionImpl@309dcdf3
2025-07-26 04:23:02.902 [main] INFO  com.zaxxer.hikari.HikariDataSource - LoreMasterAdminHikariCP - Start completed.
2025-07-26 04:23:02.932 [main] INFO  org.hibernate.jpa.internal.util.LogHelper - HHH000204: Processing PersistenceUnitInfo [name: default]
2025-07-26 04:23:02.998 [main] INFO  org.hibernate.Version - HHH000412: Hibernate ORM core version 6.4.8.Final
2025-07-26 04:23:03.032 [main] INFO  o.hibernate.cache.internal.RegionFactoryInitiator - HHH000026: Second-level cache disabled
2025-07-26 04:23:03.219 [main] INFO  o.s.o.j.persistenceunit.SpringPersistenceUnitInfo - No LoadTimeWeaver setup: ignoring JPA class transformer
2025-07-26 04:23:03.526 [main] INFO  o.h.e.t.jta.platform.internal.JtaPlatformInitiator - HHH000489: No JTA platform available (set 'hibernate.transaction.jta.platform' to enable JTA platform integration)
2025-07-26 04:23:03.529 [main] INFO  o.s.orm.jpa.LocalContainerEntityManagerFactoryBean - Initialized JPA EntityManagerFactory for persistence unit 'default'
2025-07-26 04:23:03.540 [main] WARN  o.s.b.w.s.c.AnnotationConfigServletWebServerApplicationContext - Exception encountered during context initialization - cancelling refresh attempt: org.springframework.beans.factory.UnsatisfiedDependencyException: Error creating bean with name 'userServiceImpl': Unsatisfied dependency expressed through field 'userRepository': No qualifying bean of type 'com.lore.master.data.repository.UserRepository' available: expected at least 1 bean which qualifies as autowire candidate. Dependency annotations: {@org.springframework.beans.factory.annotation.Autowired(required=true)}
2025-07-26 04:23:03.541 [main] INFO  o.s.orm.jpa.LocalContainerEntityManagerFactoryBean - Closing JPA EntityManagerFactory for persistence unit 'default'
2025-07-26 04:23:03.544 [main] INFO  com.zaxxer.hikari.HikariDataSource - LoreMasterAdminHikariCP - Shutdown initiated...
2025-07-26 04:23:03.550 [main] INFO  com.zaxxer.hikari.HikariDataSource - LoreMasterAdminHikariCP - Shutdown completed.
2025-07-26 04:23:03.552 [main] INFO  org.apache.catalina.core.StandardService - Stopping service [Tomcat]
2025-07-26 04:23:03.570 [main] INFO  o.s.b.a.logging.ConditionEvaluationReportLogger - 

Error starting ApplicationContext. To display the condition evaluation report re-run your application with 'debug' enabled.
2025-07-26 04:23:03.589 [main] ERROR o.s.b.diagnostics.LoggingFailureAnalysisReporter - 

***************************
APPLICATION FAILED TO START
***************************

Description:

Field userRepository in com.lore.master.service.impl.UserServiceImpl required a bean of type 'com.lore.master.data.repository.UserRepository' that could not be found.

The injection point has the following annotations:
	- @org.springframework.beans.factory.annotation.Autowired(required=true)


Action:

Consider defining a bean of type 'com.lore.master.data.repository.UserRepository' in your configuration.

2025-07-26 04:24:26.962 [main] INFO  com.lore.master.webadmin.WebAdminApplication - Starting WebAdminApplication using Java 17.0.9 with PID 18676 (D:\Workspace\code\lore-master\lore-master-server\lore-master-web-admin\target\classes started by admin in D:\Workspace\code\lore-master\lore-master-server\lore-master-web-admin)
2025-07-26 04:24:26.963 [main] DEBUG com.lore.master.webadmin.WebAdminApplication - Running with Spring Boot v3.2.6, Spring v6.1.8
2025-07-26 04:24:26.964 [main] INFO  com.lore.master.webadmin.WebAdminApplication - No active profile set, falling back to 1 default profile: "default"
2025-07-26 04:24:27.407 [main] WARN  org.mybatis.spring.mapper.ClassPathMapperScanner - No MyBatis mapper was found in '[com.lore.master.data.mapper]' package. Please check your configuration.
2025-07-26 04:24:27.690 [main] INFO  o.s.boot.web.embedded.tomcat.TomcatWebServer - Tomcat initialized with port 8080 (http)
2025-07-26 04:24:27.698 [main] INFO  org.apache.catalina.core.StandardService - Starting service [Tomcat]
2025-07-26 04:24:27.698 [main] INFO  org.apache.catalina.core.StandardEngine - Starting Servlet engine: [Apache Tomcat/10.1.24]
2025-07-26 04:24:27.755 [main] INFO  o.a.c.core.ContainerBase.[Tomcat].[localhost].[/] - Initializing Spring embedded WebApplicationContext
2025-07-26 04:24:27.756 [main] INFO  o.s.b.w.s.c.ServletWebServerApplicationContext - Root WebApplicationContext: initialization completed in 751 ms
2025-07-26 04:24:27.791 [main] WARN  o.s.b.w.s.c.AnnotationConfigServletWebServerApplicationContext - Exception encountered during context initialization - cancelling refresh attempt: org.springframework.beans.factory.UnsatisfiedDependencyException: Error creating bean with name 'userServiceImpl': Unsatisfied dependency expressed through field 'userRepository': No qualifying bean of type 'com.lore.master.data.repository.UserRepository' available: expected at least 1 bean which qualifies as autowire candidate. Dependency annotations: {@org.springframework.beans.factory.annotation.Autowired(required=true)}
2025-07-26 04:24:27.793 [main] INFO  org.apache.catalina.core.StandardService - Stopping service [Tomcat]
2025-07-26 04:24:27.806 [main] INFO  o.s.b.a.logging.ConditionEvaluationReportLogger - 

Error starting ApplicationContext. To display the condition evaluation report re-run your application with 'debug' enabled.
2025-07-26 04:24:27.819 [main] ERROR o.s.b.diagnostics.LoggingFailureAnalysisReporter - 

***************************
APPLICATION FAILED TO START
***************************

Description:

Field userRepository in com.lore.master.service.impl.UserServiceImpl required a bean of type 'com.lore.master.data.repository.UserRepository' that could not be found.

The injection point has the following annotations:
	- @org.springframework.beans.factory.annotation.Autowired(required=true)


Action:

Consider defining a bean of type 'com.lore.master.data.repository.UserRepository' in your configuration.

2025-07-26 04:25:43.591 [main] INFO  com.lore.master.webadmin.WebAdminApplication - Starting WebAdminApplication using Java 17.0.9 with PID 15976 (D:\Workspace\code\lore-master\lore-master-server\lore-master-web-admin\target\classes started by admin in D:\Workspace\code\lore-master\lore-master-server\lore-master-web-admin)
2025-07-26 04:25:43.592 [main] DEBUG com.lore.master.webadmin.WebAdminApplication - Running with Spring Boot v3.2.6, Spring v6.1.8
2025-07-26 04:25:43.593 [main] INFO  com.lore.master.webadmin.WebAdminApplication - No active profile set, falling back to 1 default profile: "default"
2025-07-26 04:25:44.004 [main] WARN  org.mybatis.spring.mapper.ClassPathMapperScanner - No MyBatis mapper was found in '[com.lore.master.data.mapper]' package. Please check your configuration.
2025-07-26 04:25:44.287 [main] INFO  o.s.boot.web.embedded.tomcat.TomcatWebServer - Tomcat initialized with port 8080 (http)
2025-07-26 04:25:44.294 [main] INFO  org.apache.catalina.core.StandardService - Starting service [Tomcat]
2025-07-26 04:25:44.295 [main] INFO  org.apache.catalina.core.StandardEngine - Starting Servlet engine: [Apache Tomcat/10.1.24]
2025-07-26 04:25:44.346 [main] INFO  o.a.c.core.ContainerBase.[Tomcat].[localhost].[/] - Initializing Spring embedded WebApplicationContext
2025-07-26 04:25:44.346 [main] INFO  o.s.b.w.s.c.ServletWebServerApplicationContext - Root WebApplicationContext: initialization completed in 718 ms
2025-07-26 04:25:44.382 [main] WARN  o.s.b.w.s.c.AnnotationConfigServletWebServerApplicationContext - Exception encountered during context initialization - cancelling refresh attempt: org.springframework.beans.factory.UnsatisfiedDependencyException: Error creating bean with name 'userServiceImpl': Unsatisfied dependency expressed through field 'userRepository': No qualifying bean of type 'com.lore.master.data.repository.UserRepository' available: expected at least 1 bean which qualifies as autowire candidate. Dependency annotations: {@org.springframework.beans.factory.annotation.Autowired(required=true)}
2025-07-26 04:25:44.385 [main] INFO  org.apache.catalina.core.StandardService - Stopping service [Tomcat]
2025-07-26 04:25:44.394 [main] INFO  o.s.b.a.logging.ConditionEvaluationReportLogger - 

Error starting ApplicationContext. To display the condition evaluation report re-run your application with 'debug' enabled.
2025-07-26 04:25:44.407 [main] ERROR o.s.b.diagnostics.LoggingFailureAnalysisReporter - 

***************************
APPLICATION FAILED TO START
***************************

Description:

Field userRepository in com.lore.master.service.impl.UserServiceImpl required a bean of type 'com.lore.master.data.repository.UserRepository' that could not be found.

The injection point has the following annotations:
	- @org.springframework.beans.factory.annotation.Autowired(required=true)


Action:

Consider defining a bean of type 'com.lore.master.data.repository.UserRepository' in your configuration.

